21:58:53.904 [main] INFO  r.k.autopark.AutoparkApplication - Starting AutoparkApplication using Java 17.0.9 with PID 21203 (/home/tanya/git/autopark/target/classes started by tanya in /home/tanya/git/autopark)
21:58:53.923 [main] DEBUG r.k.autopark.AutoparkApplication - Running with Spring Boot v3.2.1, Spring v6.1.2
21:58:53.926 [main] INFO  r.k.autopark.AutoparkApplication - No active profile set, falling back to 1 default profile: "default"
21:59:05.460 [main] INFO  r.k.autopark.AutoparkApplication - Started AutoparkApplication in 12.527 seconds (process running for 13.647)
21:59:27.082 [http-nio-8080-exec-3] INFO  r.k.autopark.security.PersonDetails - logged in by: ROLE_MANAGER1
22:01:32.065 [http-nio-8080-exec-1] INFO  r.k.autopark.security.PersonDetails - logged in by: ROLE_MANAGER1
22:02:56.941 [http-nio-8080-exec-6] INFO  r.k.autopark.security.PersonDetails - logged in by: ROLE_MANAGER1
22:03:54.094 [http-nio-8080-exec-1] INFO  r.k.autopark.security.PersonDetails - logged in by: ROLE_MANAGER1
22:04:55.455 [http-nio-8080-exec-6] INFO  r.k.autopark.security.PersonDetails - logged in by: ROLE_MANAGER1
22:05:27.677 [http-nio-8080-exec-1] INFO  r.k.autopark.security.PersonDetails - logged in by: ROLE_MANAGER1
22:05:57.952 [http-nio-8080-exec-6] INFO  r.k.autopark.security.PersonDetails - logged in by: ROLE_MANAGER1
22:14:52.699 [http-nio-8080-exec-10] INFO  r.k.autopark.security.PersonDetails - logged in by: ROLE_MANAGER1
22:16:05.814 [http-nio-8080-exec-10] INFO  r.k.autopark.security.PersonDetails - logged in by: ROLE_MANAGER1
22:18:44.486 [http-nio-8080-exec-10] INFO  r.k.autopark.security.PersonDetails - logged in by: ROLE_MANAGER1
22:19:36.136 [http-nio-8080-exec-9] INFO  r.k.autopark.security.PersonDetails - logged in by: ROLE_MANAGER1
22:23:23.105 [http-nio-8080-exec-10] INFO  r.k.autopark.security.PersonDetails - logged in by: ROLE_MANAGER1
22:28:07.740 [http-nio-8080-exec-3] INFO  r.k.autopark.security.PersonDetails - logged in by: ROLE_MANAGER1
22:28:36.639 [http-nio-8080-exec-4] INFO  r.k.autopark.security.PersonDetails - logged in by: ROLE_MANAGER1
22:29:14.555 [http-nio-8080-exec-10] INFO  r.k.autopark.security.PersonDetails - logged in by: ROLE_MANAGER1
22:29:26.430 [http-nio-8080-exec-10] INFO  r.k.autopark.security.PersonDetails - logged in by: ROLE_MANAGER1
22:29:32.260 [http-nio-8080-exec-8] INFO  r.k.autopark.security.PersonDetails - logged in by: ROLE_MANAGER1
22:29:40.193 [http-nio-8080-exec-8] INFO  r.k.autopark.security.PersonDetails - logged in by: ROLE_MANAGER1
22:29:47.744 [http-nio-8080-exec-8] INFO  r.k.autopark.security.PersonDetails - logged in by: ROLE_MANAGER1
22:31:56.822 [http-nio-8080-exec-5] INFO  r.k.autopark.security.PersonDetails - logged in by: ROLE_MANAGER1
22:32:55.516 [http-nio-8080-exec-1] INFO  r.k.autopark.security.PersonDetails - logged in by: ROLE_MANAGER1
22:39:21.398 [http-nio-8080-exec-8] INFO  r.k.autopark.security.PersonDetails - logged in by: ROLE_MANAGER1
22:40:38.675 [http-nio-8080-exec-5] INFO  r.k.autopark.security.PersonDetails - logged in by: ROLE_MANAGER1
